Using pre-set license
Built from '6000.0/staging' branch; Version is '6000.0.55f1 (c5f59906196d) revision 12973465'; Using compiler version '193933523'; Build Type 'Release'
OS: 'Windows 11  (10.0.22631) 64bit Professional' Language: 'zh' Physical Memory: 16189 MB
BatchMode: 1, IsHumanControllingUs: 0, StartBugReporterOnCrash: 0, Is64bit: 1
Date: 2025-08-14T17:19:41Z

COMMAND LINE ARGUMENTS:
C:\Program Files\Unity\Hub\Editor\6000.0.55f1\Editor\Unity.exe
-adb2
-batchMode
-noUpm
-name
AssetImportWorker0
-projectPath
D:/USER/Desktop/unity/stairs
-logFile
Logs/AssetImportWorker0.log
-srvPort
54616
-job-worker-count
1
-background-job-worker-count
8
-gc-helper-count
1
Successfully changed project path to: D:/USER/Desktop/unity/stairs
D:/USER/Desktop/unity/stairs
[UnityMemory] Configuration Parameters - Can be set up in boot.config
    "memorysetup-bucket-allocator-granularity=16"
    "memorysetup-bucket-allocator-bucket-count=8"
    "memorysetup-bucket-allocator-block-size=33554432"
    "memorysetup-bucket-allocator-block-count=8"
    "memorysetup-main-allocator-block-size=16777216"
    "memorysetup-thread-allocator-block-size=16777216"
    "memorysetup-gfx-main-allocator-block-size=16777216"
    "memorysetup-gfx-thread-allocator-block-size=16777216"
    "memorysetup-cache-allocator-block-size=4194304"
    "memorysetup-typetree-allocator-block-size=2097152"
    "memorysetup-profiler-bucket-allocator-granularity=16"
    "memorysetup-profiler-bucket-allocator-bucket-count=8"
    "memorysetup-profiler-bucket-allocator-block-size=33554432"
    "memorysetup-profiler-bucket-allocator-block-count=8"
    "memorysetup-profiler-allocator-block-size=16777216"
    "memorysetup-profiler-editor-allocator-block-size=1048576"
    "memorysetup-temp-allocator-size-main=16777216"
    "memorysetup-job-temp-allocator-block-size=2097152"
    "memorysetup-job-temp-allocator-block-size-background=1048576"
    "memorysetup-job-temp-allocator-reduction-small-platforms=262144"
    "memorysetup-allocator-temp-initial-block-size-main=262144"
    "memorysetup-allocator-temp-initial-block-size-worker=262144"
    "memorysetup-temp-allocator-size-background-worker=32768"
    "memorysetup-temp-allocator-size-job-worker=262144"
    "memorysetup-temp-allocator-size-preload-manager=33554432"
    "memorysetup-temp-allocator-size-nav-mesh-worker=65536"
    "memorysetup-temp-allocator-size-audio-worker=65536"
    "memorysetup-temp-allocator-size-cloud-worker=32768"
    "memorysetup-temp-allocator-size-gi-baking-worker=262144"
    "memorysetup-temp-allocator-size-gi-baking-worker=262144"
    "memorysetup-temp-allocator-size-gi-baking-worker=262144"
    "memorysetup-temp-allocator-size-gi-baking-worker=262144"
    "memorysetup-temp-allocator-size-gi-baking-worker=262144"
    "memorysetup-temp-allocator-size-gfx=262144"
Player connection [49188]  Target information:

Player connection [49188]  * "[IP] 172.29.112.1 [Port] 0 [Flags] 2 [Guid] 2210743778 [EditorId] 2210743778 [Version] 1048832 [Id] WindowsEditor(7,PC01) [Debug] 1 [PackageName] WindowsEditor [ProjectName] Editor" 

Player connection [49188]  * "[IP] 172.27.224.1 [Port] 0 [Flags] 2 [Guid] 2210743778 [EditorId] 2210743778 [Version] 1048832 [Id] WindowsEditor(7,PC01) [Debug] 1 [PackageName] WindowsEditor [ProjectName] Editor" 

Player connection [49188]  * "[IP] 192.168.68.113 [Port] 0 [Flags] 2 [Guid] 2210743778 [EditorId] 2210743778 [Version] 1048832 [Id] WindowsEditor(7,PC01) [Debug] 1 [PackageName] WindowsEditor [ProjectName] Editor" 

Player connection [49188] Host joined multi-casting on [225.0.0.222:54997]...
Player connection [49188] Host joined alternative multi-casting on [225.0.0.222:34997]...
JobSystem: Creating JobQueue using job-worker-count value 1
Input System module state changed to: Initialized.
[Physics::Module] Initialized fallback backend.
[Physics::Module] Id: 0xdecafbad
Library Redirect Path: Library/
[Physics::Module] Selected backend.
[Physics::Module] Name: PhysX
[Physics::Module] Id: 0xf2b8ea05
[Physics::Module] SDK Version: 4.1.2
[Physics::Module] Integration Version: 1.0.0
[Physics::Module] Threading Mode: Multi-Threaded
Refreshing native plugins compatible for Editor in 288.35 ms, found 4 plugins.
Preloading 0 native plugins for Editor in 0.00 ms.
Initialize engine version: 6000.0.55f1 (c5f59906196d)
[Subsystems] Discovering subsystems at path C:/Program Files/Unity/Hub/Editor/6000.0.55f1/Editor/Data/Resources/UnitySubsystems
[Subsystems] Discovering subsystems at path D:/USER/Desktop/unity/stairs/Assets
GfxDevice: creating device client; kGfxThreadingModeNonThreaded
Direct3D:
    Version:  Direct3D 11.0 [level 11.1]
    Renderer: Intel(R) UHD Graphics (ID=0x4e71)
    Vendor:   Intel
    VRAM:     8094 MB
    Driver:   30.0.101.1273
Initialize mono
Mono path[0] = 'C:/Program Files/Unity/Hub/Editor/6000.0.55f1/Editor/Data/Managed'
Mono path[1] = 'C:/Program Files/Unity/Hub/Editor/6000.0.55f1/Editor/Data/MonoBleedingEdge/lib/mono/unityjit-win32'
Mono config path = 'C:/Program Files/Unity/Hub/Editor/6000.0.55f1/Editor/Data/MonoBleedingEdge/etc'
Using monoOptions --debugger-agent=transport=dt_socket,embedding=1,server=y,suspend=n,address=127.0.0.1:56952
Begin MonoManager ReloadAssembly
Registering precompiled unity dll's ...
Register platform support module: C:/Program Files/Unity/Hub/Editor/6000.0.55f1/Editor/Data/PlaybackEngines/WindowsStandaloneSupport/UnityEditor.WindowsStandalone.Extensions.dll
Registered in 0.014794 seconds.
- Loaded All Assemblies, in  1.792 seconds
Native extension for WindowsStandalone target not found
Mono: successfully reloaded assembly
- Finished resetting the current domain, in  0.829 seconds
Domain Reload Profiling: 2612ms
	BeginReloadAssembly (719ms)
		ExecutionOrderSort (0ms)
		DisableScriptedObjects (0ms)
		BackupInstance (0ms)
		ReleaseScriptingObjects (0ms)
		CreateAndSetChildDomain (3ms)
	RebuildCommonClasses (301ms)
	RebuildNativeTypeToScriptingClass (121ms)
	initialDomainReloadingComplete (199ms)
	LoadAllAssembliesAndSetupDomain (443ms)
		LoadAssemblies (705ms)
		RebuildTransferFunctionScriptingTraits (0ms)
		AnalyzeDomain (431ms)
			TypeCache.Refresh (427ms)
				TypeCache.ScanAssembly (397ms)
			BuildScriptInfoCaches (0ms)
			ResolveRequiredComponents (2ms)
	FinalizeReload (830ms)
		ReleaseScriptCaches (0ms)
		RebuildScriptCaches (0ms)
		SetupLoadedEditorAssemblies (717ms)
			LogAssemblyErrors (0ms)
			InitializePlatformSupportModulesInManaged (59ms)
			SetLoadedEditorAssemblies (10ms)
			BeforeProcessingInitializeOnLoad (144ms)
			ProcessInitializeOnLoadAttributes (331ms)
			ProcessInitializeOnLoadMethodAttributes (172ms)
			AfterProcessingInitializeOnLoad (0ms)
			EditorAssembliesLoaded (0ms)
		ExecutionOrderSort2 (0ms)
		AwakeInstancesAfterBackupRestoration (0ms)
========================================================================
Worker process is ready to serve import requests
Import Worker Mode flag is 0x00
Begin MonoManager ReloadAssembly
- Loaded All Assemblies, in  1.666 seconds
Refreshing native plugins compatible for Editor in 2.48 ms, found 4 plugins.
Native extension for WindowsStandalone target not found
Mono: successfully reloaded assembly
- Finished resetting the current domain, in  4.594 seconds
Domain Reload Profiling: 6254ms
	BeginReloadAssembly (332ms)
		ExecutionOrderSort (0ms)
		DisableScriptedObjects (11ms)
		BackupInstance (0ms)
		ReleaseScriptingObjects (0ms)
		CreateAndSetChildDomain (49ms)
	RebuildCommonClasses (72ms)
	RebuildNativeTypeToScriptingClass (24ms)
	initialDomainReloadingComplete (81ms)
	LoadAllAssembliesAndSetupDomain (1149ms)
		LoadAssemblies (806ms)
		RebuildTransferFunctionScriptingTraits (0ms)
		AnalyzeDomain (531ms)
			TypeCache.Refresh (394ms)
				TypeCache.ScanAssembly (362ms)
			BuildScriptInfoCaches (110ms)
			ResolveRequiredComponents (21ms)
	FinalizeReload (4596ms)
		ReleaseScriptCaches (0ms)
		RebuildScriptCaches (0ms)
		SetupLoadedEditorAssemblies (3096ms)
			LogAssemblyErrors (0ms)
			InitializePlatformSupportModulesInManaged (7ms)
			SetLoadedEditorAssemblies (7ms)
			BeforeProcessingInitializeOnLoad (285ms)
			ProcessInitializeOnLoadAttributes (1679ms)
			ProcessInitializeOnLoadMethodAttributes (1086ms)
			AfterProcessingInitializeOnLoad (31ms)
			EditorAssembliesLoaded (2ms)
		ExecutionOrderSort2 (0ms)
		AwakeInstancesAfterBackupRestoration (41ms)
Launched and connected shader compiler UnityShaderCompiler.exe after 0.07 seconds
Refreshing native plugins compatible for Editor in 8.45 ms, found 4 plugins.
Preloading 0 native plugins for Editor in 0.00 ms.
Unloading 35 Unused Serialized files (Serialized files now loaded: 0)
Unloading 6696 unused Assets / (7.2 MB). Loaded Objects now: 7359.
Memory consumption went from 140.5 MB to 133.3 MB.
Total: 34.866700 ms (FindLiveObjects: 2.189300 ms CreateObjectMapping: 3.974600 ms MarkObjects: 16.091100 ms  DeleteObjects: 12.608100 ms)

========================================================================
Received Import Request.
  Time since last request: 869616.713843 seconds.
  path: Assets/InputSystem_Actions.inputactions
  artifactKey: Guid(2bcd2660ca9b64942af0de543d8d7100) Importer(815301076,1909f56bfc062723c751e8b465ee728b)
Start importing Assets/InputSystem_Actions.inputactions using Guid(2bcd2660ca9b64942af0de543d8d7100) Importer(815301076,1909f56bfc062723c751e8b465ee728b) (PreviewImporter) -> (artifact id: '848e9b86361ff5d0f27deffee3873d7c') in 0.4091372 seconds
Number of updated asset objects reloaded before import = 0Number of asset objects unloaded after import = 19

========================================================================
Received Import Request.
  Time since last request: 0.000068 seconds.
  path: Packages/com.unity.2d.sprite/Editor/ObjectMenuCreation/DefaultAssets/Textures/v2/Square.png
  artifactKey: Guid(311925a002f4447b3a28927169b83ea6) Importer(815301076,1909f56bfc062723c751e8b465ee728b)
Start importing Packages/com.unity.2d.sprite/Editor/ObjectMenuCreation/DefaultAssets/Textures/v2/Square.png using Guid(311925a002f4447b3a28927169b83ea6) Importer(815301076,1909f56bfc062723c751e8b465ee728b) (PreviewImporter) -> (artifact id: '1e5485bfdffd4ccc0563b2f477c30efe') in 0.6211079 seconds
Number of updated asset objects reloaded before import = 0Number of asset objects unloaded after import = 3

========================================================================
Received Import Request.
  Time since last request: 0.000103 seconds.
  path: Packages/com.unity.2d.sprite/Editor/ObjectMenuCreation/DefaultAssets/Textures/v2/9Sliced.png
  artifactKey: Guid(8884154dfe85442a3a3578be807dbcdf) Importer(815301076,1909f56bfc062723c751e8b465ee728b)
Start importing Packages/com.unity.2d.sprite/Editor/ObjectMenuCreation/DefaultAssets/Textures/v2/9Sliced.png using Guid(8884154dfe85442a3a3578be807dbcdf) Importer(815301076,1909f56bfc062723c751e8b465ee728b) (PreviewImporter) -> (artifact id: 'b251a407a9a99a9b687b37f0d2198665') in 0.2023912 seconds
Number of updated asset objects reloaded before import = 0Number of asset objects unloaded after import = 3

========================================================================
Received Import Request.
  Time since last request: 0.000048 seconds.
  path: Packages/com.unity.2d.sprite/Editor/ObjectMenuCreation/DefaultAssets/Textures/v2/Capsule.png
  artifactKey: Guid(207ee8102dd4143d288186ef0be518ee) Importer(815301076,1909f56bfc062723c751e8b465ee728b)
Start importing Packages/com.unity.2d.sprite/Editor/ObjectMenuCreation/DefaultAssets/Textures/v2/Capsule.png using Guid(207ee8102dd4143d288186ef0be518ee) Importer(815301076,1909f56bfc062723c751e8b465ee728b) (PreviewImporter) -> (artifact id: 'ffa722ec3557d124eccc2c7c387d4905') in 0.0734395 seconds
Number of updated asset objects reloaded before import = 0Number of asset objects unloaded after import = 3

========================================================================
Received Import Request.
  Time since last request: 0.000076 seconds.
  path: Assets/UniversalRenderPipelineGlobalSettings.asset
  artifactKey: Guid(93b439a37f63240aca3dd4e01d978a9f) Importer(815301076,1909f56bfc062723c751e8b465ee728b)
Start importing Assets/UniversalRenderPipelineGlobalSettings.asset using Guid(93b439a37f63240aca3dd4e01d978a9f) Importer(815301076,1909f56bfc062723c751e8b465ee728b) (PreviewImporter) -> (artifact id: '6e5f0e192d2d9d0b8d181e9b58e29631') in 0.0039636 seconds
Number of updated asset objects reloaded before import = 0Number of asset objects unloaded after import = 0

========================================================================
Received Import Request.
  Time since last request: 0.000059 seconds.
  path: Packages/com.unity.2d.sprite/Editor/ObjectMenuCreation/DefaultAssets/Textures/v2/HexagonPointTop.png
  artifactKey: Guid(5aa8b770bc43046bc8d993d0d5b7f4a5) Importer(815301076,1909f56bfc062723c751e8b465ee728b)
Start importing Packages/com.unity.2d.sprite/Editor/ObjectMenuCreation/DefaultAssets/Textures/v2/HexagonPointTop.png using Guid(5aa8b770bc43046bc8d993d0d5b7f4a5) Importer(815301076,1909f56bfc062723c751e8b465ee728b) (PreviewImporter) -> (artifact id: '9f5a77cf7b4e3dcd8b2896b4416ddd8a') in 0.0840534 seconds
Number of updated asset objects reloaded before import = 0Number of asset objects unloaded after import = 3

========================================================================
Received Import Request.
  Time since last request: 0.000061 seconds.
  path: Packages/com.unity.2d.sprite/Editor/ObjectMenuCreation/DefaultAssets/Textures/v2/Circle.png
  artifactKey: Guid(a86470a33a6bf42c4b3595704624658b) Importer(815301076,1909f56bfc062723c751e8b465ee728b)
Start importing Packages/com.unity.2d.sprite/Editor/ObjectMenuCreation/DefaultAssets/Textures/v2/Circle.png using Guid(a86470a33a6bf42c4b3595704624658b) Importer(815301076,1909f56bfc062723c751e8b465ee728b) (PreviewImporter) -> (artifact id: '853529484594839539d8e422f2377c3a') in 0.0555128 seconds
Number of updated asset objects reloaded before import = 0Number of asset objects unloaded after import = 3

========================================================================
Received Import Request.
  Time since last request: 0.000062 seconds.
  path: Packages/com.unity.2d.sprite/Editor/ObjectMenuCreation/DefaultAssets/Textures/v2/HexagonFlatTop.png
  artifactKey: Guid(b670ab75dde984907b8570040daa08c5) Importer(815301076,1909f56bfc062723c751e8b465ee728b)
Start importing Packages/com.unity.2d.sprite/Editor/ObjectMenuCreation/DefaultAssets/Textures/v2/HexagonFlatTop.png using Guid(b670ab75dde984907b8570040daa08c5) Importer(815301076,1909f56bfc062723c751e8b465ee728b) (PreviewImporter) -> (artifact id: '2c883380817626149d1927bd4c6fa508') in 0.0667432 seconds
Number of updated asset objects reloaded before import = 0Number of asset objects unloaded after import = 3

========================================================================
Received Import Request.
  Time since last request: 0.000040 seconds.
  path: Packages/com.unity.2d.sprite/Editor/ObjectMenuCreation/DefaultAssets/Textures/v2/IsometricDiamond.png
  artifactKey: Guid(19fb86013d8c24d6cb8410c0aadf30fa) Importer(815301076,1909f56bfc062723c751e8b465ee728b)
Start importing Packages/com.unity.2d.sprite/Editor/ObjectMenuCreation/DefaultAssets/Textures/v2/IsometricDiamond.png using Guid(19fb86013d8c24d6cb8410c0aadf30fa) Importer(815301076,1909f56bfc062723c751e8b465ee728b) (PreviewImporter) -> (artifact id: '48db097cf8b329fa1e8fea493aa0788c') in 0.0541775 seconds
Number of updated asset objects reloaded before import = 0Number of asset objects unloaded after import = 3

========================================================================
Received Import Request.
  Time since last request: 0.000053 seconds.
  path: Packages/com.unity.2d.sprite/Editor/ObjectMenuCreation/DefaultAssets/Textures/v2/Triangle.png
  artifactKey: Guid(75f5f34dc1b5347e0b8351032682f224) Importer(815301076,1909f56bfc062723c751e8b465ee728b)
Start importing Packages/com.unity.2d.sprite/Editor/ObjectMenuCreation/DefaultAssets/Textures/v2/Triangle.png using Guid(75f5f34dc1b5347e0b8351032682f224) Importer(815301076,1909f56bfc062723c751e8b465ee728b) (PreviewImporter) -> (artifact id: '60dc0100ce5adb57b666a1c064e3556b') in 0.2553176 seconds
Number of updated asset objects reloaded before import = 0Number of asset objects unloaded after import = 3

========================================================================
Received Import Request.
  Time since last request: 0.000079 seconds.
  path: Assets/DefaultVolumeProfile.asset
  artifactKey: Guid(3f9215ea0144899419cfbc0957140d3f) Importer(815301076,1909f56bfc062723c751e8b465ee728b)
Start importing Assets/DefaultVolumeProfile.asset using Guid(3f9215ea0144899419cfbc0957140d3f) Importer(815301076,1909f56bfc062723c751e8b465ee728b) (PreviewImporter) -> (artifact id: '1e3ee85287093c2e01e2184a29fd3edf') in 0.0046315 seconds
Number of updated asset objects reloaded before import = 0Number of asset objects unloaded after import = 0

========================================================================
Received Import Request.
  Time since last request: 22.073312 seconds.
  path: Assets/Images/Background.png
  artifactKey: Guid(fad6fbca201a3d74eb19c882969f1780) Importer(815301076,1909f56bfc062723c751e8b465ee728b)
Start importing Assets/Images/Background.png using Guid(fad6fbca201a3d74eb19c882969f1780) Importer(815301076,1909f56bfc062723c751e8b465ee728b) (PreviewImporter) -> (artifact id: '8c466d505639bcd5b3f50b4a5c9290f2') in 0.4093995 seconds
Number of updated asset objects reloaded before import = 0Number of asset objects unloaded after import = 3

========================================================================
Received Import Request.
  Time since last request: 0.000198 seconds.
  path: Assets/Images/Hotpot.png
  artifactKey: Guid(4942b257963b99746ac5a1f7626d7796) Importer(815301076,1909f56bfc062723c751e8b465ee728b)
Start importing Assets/Images/Hotpot.png using Guid(4942b257963b99746ac5a1f7626d7796) Importer(815301076,1909f56bfc062723c751e8b465ee728b) (PreviewImporter) -> (artifact id: '652dc0c0085fb537a56cf6c4aca7a445') in 1.9824446 seconds
Number of updated asset objects reloaded before import = 0Number of asset objects unloaded after import = 3

========================================================================
Received Import Request.
  Time since last request: 0.000148 seconds.
  path: Assets/Images/Ceiling.png
  artifactKey: Guid(c7447b52943cee749be07bd91582d3fa) Importer(815301076,1909f56bfc062723c751e8b465ee728b)
Start importing Assets/Images/Ceiling.png using Guid(c7447b52943cee749be07bd91582d3fa) Importer(815301076,1909f56bfc062723c751e8b465ee728b) (PreviewImporter) -> (artifact id: '8642063536a3d63bb836086faf754fbb') in 0.1661875 seconds
Number of updated asset objects reloaded before import = 0Number of asset objects unloaded after import = 3

========================================================================
Received Import Request.
  Time since last request: 0.000079 seconds.
  path: Assets/Images/Wall.png
  artifactKey: Guid(dbb17cabfcc44c84fb1b8ba34533c6c0) Importer(815301076,1909f56bfc062723c751e8b465ee728b)
Start importing Assets/Images/Wall.png using Guid(dbb17cabfcc44c84fb1b8ba34533c6c0) Importer(815301076,1909f56bfc062723c751e8b465ee728b) (PreviewImporter) -> (artifact id: '75aeb6fdd3e40cf8fd93320c2601184c') in 0.9324941 seconds
Number of updated asset objects reloaded before import = 0Number of asset objects unloaded after import = 3

========================================================================
Received Import Request.
  Time since last request: 0.000077 seconds.
  path: Assets/Images/HpBar.png
  artifactKey: Guid(ca606abffb0de6742ab3a35b69675739) Importer(815301076,1909f56bfc062723c751e8b465ee728b)
Start importing Assets/Images/HpBar.png using Guid(ca606abffb0de6742ab3a35b69675739) Importer(815301076,1909f56bfc062723c751e8b465ee728b) (PreviewImporter) -> (artifact id: '894679bb325b2a84054c8c8596a9bf4b') in 0.0626882 seconds
Number of updated asset objects reloaded before import = 0Number of asset objects unloaded after import = 3

========================================================================
Received Import Request.
  Time since last request: 0.000210 seconds.
  path: Assets/Images/Face.png
  artifactKey: Guid(8fcd6bbabad4c37409edfde3cc8baf97) Importer(815301076,1909f56bfc062723c751e8b465ee728b)
Start importing Assets/Images/Face.png using Guid(8fcd6bbabad4c37409edfde3cc8baf97) Importer(815301076,1909f56bfc062723c751e8b465ee728b) (PreviewImporter) -> (artifact id: 'f5019b328864cfdfc0b0ec1d5188f5af') in 0.2364212 seconds
Number of updated asset objects reloaded before import = 0Number of asset objects unloaded after import = 3

========================================================================
Received Import Request.
  Time since last request: 13.198799 seconds.
  path: Assets
  artifactKey: Guid(00000000000000001000000000000000) Importer(815301076,1909f56bfc062723c751e8b465ee728b)
Start importing Assets using Guid(00000000000000001000000000000000) Importer(815301076,1909f56bfc062723c751e8b465ee728b) (PreviewImporter) -> (artifact id: 'c391582d739b6e62a5220f35cbb167ac') in 0.0026239 seconds
Number of updated asset objects reloaded before import = 0Number of asset objects unloaded after import = 0

========================================================================
Received Import Request.
  Time since last request: 23.292466 seconds.
  path: Assets/prefabs
  artifactKey: Guid(5fbfaf5b92c60a04787637a9ecf0a682) Importer(815301076,1909f56bfc062723c751e8b465ee728b)
Start importing Assets/prefabs using Guid(5fbfaf5b92c60a04787637a9ecf0a682) Importer(815301076,1909f56bfc062723c751e8b465ee728b) (PreviewImporter) -> (artifact id: '40d222aff8d5b90d434c3261d234696e') in 0.0091266 seconds
Number of updated asset objects reloaded before import = 0Number of asset objects unloaded after import = 0

========================================================================
Received Import Request.
  Time since last request: 24.735310 seconds.
  path: Assets/scripts
  artifactKey: Guid(d867513d32ea353449a95ed3c1af236e) Importer(815301076,1909f56bfc062723c751e8b465ee728b)
Start importing Assets/scripts using Guid(d867513d32ea353449a95ed3c1af236e) Importer(815301076,1909f56bfc062723c751e8b465ee728b) (PreviewImporter) -> (artifact id: 'bd04bcb9e471cf520675e61635748333') in 0.0021089 seconds
Number of updated asset objects reloaded before import = 0Number of asset objects unloaded after import = 0

========================================================================
Received Prepare
Refreshing native plugins compatible for Editor in 10.59 ms, found 4 plugins.
Preloading 0 native plugins for Editor in 0.00 ms.
Unloading 34 Unused Serialized files (Serialized files now loaded: 0)
Unloading 6684 unused Assets / (3.5 MB). Loaded Objects now: 7389.
Memory consumption went from 143.6 MB to 140.2 MB.
Total: 573.979500 ms (FindLiveObjects: 3.578400 ms CreateObjectMapping: 6.051000 ms MarkObjects: 20.332500 ms  DeleteObjects: 544.014100 ms)

Prepare: number of updated asset objects reloaded= 0
========================================================================
Received Prepare
Begin MonoManager ReloadAssembly
- Loaded All Assemblies, in  6.810 seconds
Refreshing native plugins compatible for Editor in 127.21 ms, found 4 plugins.
Native extension for WindowsStandalone target not found
Mono: successfully reloaded assembly
- Finished resetting the current domain, in 119.265 seconds
Domain Reload Profiling: 126079ms
	BeginReloadAssembly (1872ms)
		ExecutionOrderSort (0ms)
		DisableScriptedObjects (100ms)
		BackupInstance (0ms)
		ReleaseScriptingObjects (1ms)
		CreateAndSetChildDomain (490ms)
	RebuildCommonClasses (263ms)
	RebuildNativeTypeToScriptingClass (101ms)
	initialDomainReloadingComplete (554ms)
	LoadAllAssembliesAndSetupDomain (4009ms)
		LoadAssemblies (3501ms)
		RebuildTransferFunctionScriptingTraits (0ms)
		AnalyzeDomain (1511ms)
			TypeCache.Refresh (71ms)
				TypeCache.ScanAssembly (0ms)
			BuildScriptInfoCaches (1115ms)
			ResolveRequiredComponents (298ms)
	FinalizeReload (119280ms)
		ReleaseScriptCaches (0ms)
		RebuildScriptCaches (0ms)
		SetupLoadedEditorAssemblies (39084ms)
			LogAssemblyErrors (0ms)
			InitializePlatformSupportModulesInManaged (8ms)
			SetLoadedEditorAssemblies (7351ms)
			BeforeProcessingInitializeOnLoad (14711ms)
			ProcessInitializeOnLoadAttributes (14705ms)
			ProcessInitializeOnLoadMethodAttributes (2203ms)
			AfterProcessingInitializeOnLoad (96ms)
			EditorAssembliesLoaded (11ms)
		ExecutionOrderSort2 (0ms)
		AwakeInstancesAfterBackupRestoration (369ms)
Refreshing native plugins compatible for Editor in 252.46 ms, found 4 plugins.
Preloading 0 native plugins for Editor in 0.00 ms.
Unloading 34 Unused Serialized files (Serialized files now loaded: 0)
Unloading 6696 unused Assets / (7.0 MB). Loaded Objects now: 7392.
Memory consumption went from 146.4 MB to 139.4 MB.
Total: 217.503900 ms (FindLiveObjects: 13.542200 ms CreateObjectMapping: 9.319000 ms MarkObjects: 66.719600 ms  DeleteObjects: 127.752800 ms)

Prepare: number of updated asset objects reloaded= 0
========================================================================
Received Prepare
Begin MonoManager ReloadAssembly
- Loaded All Assemblies, in 29.203 seconds
Refreshing native plugins compatible for Editor in 184.34 ms, found 4 plugins.
Native extension for WindowsStandalone target not found
Mono: successfully reloaded assembly
- Finished resetting the current domain, in  9.925 seconds
Domain Reload Profiling: 39168ms
	BeginReloadAssembly (5576ms)
		ExecutionOrderSort (0ms)
		DisableScriptedObjects (165ms)
		BackupInstance (0ms)
		ReleaseScriptingObjects (1ms)
		CreateAndSetChildDomain (1248ms)
	RebuildCommonClasses (1416ms)
	RebuildNativeTypeToScriptingClass (1380ms)
	initialDomainReloadingComplete (422ms)
	LoadAllAssembliesAndSetupDomain (20447ms)
		LoadAssemblies (18023ms)
		RebuildTransferFunctionScriptingTraits (0ms)
		AnalyzeDomain (5843ms)
			TypeCache.Refresh (102ms)
				TypeCache.ScanAssembly (0ms)
			BuildScriptInfoCaches (5100ms)
			ResolveRequiredComponents (597ms)
	FinalizeReload (9927ms)
		ReleaseScriptCaches (0ms)
		RebuildScriptCaches (0ms)
		SetupLoadedEditorAssemblies (5279ms)
			LogAssemblyErrors (0ms)
			InitializePlatformSupportModulesInManaged (10ms)
			SetLoadedEditorAssemblies (13ms)
			BeforeProcessingInitializeOnLoad (2914ms)
			ProcessInitializeOnLoadAttributes (1943ms)
			ProcessInitializeOnLoadMethodAttributes (326ms)
			AfterProcessingInitializeOnLoad (70ms)
			EditorAssembliesLoaded (2ms)
		ExecutionOrderSort2 (0ms)
		AwakeInstancesAfterBackupRestoration (85ms)
Refreshing native plugins compatible for Editor in 48.12 ms, found 4 plugins.
Preloading 0 native plugins for Editor in 0.00 ms.
Unloading 34 Unused Serialized files (Serialized files now loaded: 0)
Unloading 6697 unused Assets / (4.8 MB). Loaded Objects now: 7395.
Memory consumption went from 146.5 MB to 141.7 MB.
Total: 147.651300 ms (FindLiveObjects: 13.237600 ms CreateObjectMapping: 29.945500 ms MarkObjects: 48.598300 ms  DeleteObjects: 55.866200 ms)

Prepare: number of updated asset objects reloaded= 0
========================================================================
Received Import Request.
  Time since last request: 333.415175 seconds.
  path: Assets/Images/Ceiling.png
  artifactKey: Guid(c7447b52943cee749be07bd91582d3fa) Importer(2089858483,192608db42251d675da83286b1cce702)
Start importing Assets/Images/Ceiling.png using Guid(c7447b52943cee749be07bd91582d3fa) Importer(2089858483,192608db42251d675da83286b1cce702) (ScriptedImporter) -> (artifact id: '997fbb7e6f27fc6daa74562b500fc4e6') in 15.391608 seconds
Number of updated asset objects reloaded before import = 0Number of asset objects unloaded after import = 3

========================================================================
Received Import Request.
  Time since last request: 0.000072 seconds.
  path: Assets/Settings/Renderer2D.asset
  artifactKey: Guid(424799608f7334c24bf367e4bbfa7f9a) Importer(2089858483,192608db42251d675da83286b1cce702)
Start importing Assets/Settings/Renderer2D.asset using Guid(424799608f7334c24bf367e4bbfa7f9a) Importer(2089858483,192608db42251d675da83286b1cce702) (ScriptedImporter) -> (artifact id: 'a06bb4c744f91bfdf07425be506769e7') in 0.2553238 seconds
Number of updated asset objects reloaded before import = 0Number of asset objects unloaded after import = 1

========================================================================
Received Import Request.
  Time since last request: 0.000062 seconds.
  path: Assets/Images/player_run
  artifactKey: Guid(614799ebd147d13418bf964b5e687423) Importer(815301076,1909f56bfc062723c751e8b465ee728b)
Start importing Assets/Images/player_run using Guid(614799ebd147d13418bf964b5e687423) Importer(815301076,1909f56bfc062723c751e8b465ee728b) (PreviewImporter) -> (artifact id: '0ca6806011590a49eea9e2f6ecb93307') in 0.0022535 seconds
Number of updated asset objects reloaded before import = 0Number of asset objects unloaded after import = 0

========================================================================
Received Import Request.
  Time since last request: 0.000067 seconds.
  path: Assets/Images/floor/Trampoline.png
  artifactKey: Guid(40988cebaba591744bfe8e8903000d80) Importer(2089858483,192608db42251d675da83286b1cce702)
Start importing Assets/Images/floor/Trampoline.png using Guid(40988cebaba591744bfe8e8903000d80) Importer(2089858483,192608db42251d675da83286b1cce702) (ScriptedImporter) -> (artifact id: 'e6d44714b89ec20048abd2080f270cca') in 0.0999842 seconds
Number of updated asset objects reloaded before import = 0Number of asset objects unloaded after import = 3

========================================================================
Received Import Request.
  Time since last request: 0.000051 seconds.
  path: Assets/Images/player_idle
  artifactKey: Guid(6a4a2cdde2e74ec45bffccc02131b03f) Importer(815301076,1909f56bfc062723c751e8b465ee728b)
Start importing Assets/Images/player_idle using Guid(6a4a2cdde2e74ec45bffccc02131b03f) Importer(815301076,1909f56bfc062723c751e8b465ee728b) (PreviewImporter) -> (artifact id: '987c6b4d68de22ca2060db593c021cb8') in 0.0041089 seconds
Number of updated asset objects reloaded before import = 0Number of asset objects unloaded after import = 0

========================================================================
Received Import Request.
  Time since last request: 0.000071 seconds.
  path: Assets/Images/player_run/run_1.png
  artifactKey: Guid(2a2efc6585fd75446a1f20a0ccf8ac28) Importer(2089858483,192608db42251d675da83286b1cce702)
Start importing Assets/Images/player_run/run_1.png using Guid(2a2efc6585fd75446a1f20a0ccf8ac28) Importer(2089858483,192608db42251d675da83286b1cce702) (ScriptedImporter) -> (artifact id: 'c5666779caab8fac5245b0b5793cd680') in 0.0847972 seconds
Number of updated asset objects reloaded before import = 0Number of asset objects unloaded after import = 3

========================================================================
Received Import Request.
  Time since last request: 0.000059 seconds.
  path: Assets/Images/HpBar.png
  artifactKey: Guid(ca606abffb0de6742ab3a35b69675739) Importer(2089858483,192608db42251d675da83286b1cce702)
Start importing Assets/Images/HpBar.png using Guid(ca606abffb0de6742ab3a35b69675739) Importer(2089858483,192608db42251d675da83286b1cce702) (ScriptedImporter) -> (artifact id: 'b6440a542c30f098dc7a6f825d29f642') in 0.1098712 seconds
Number of updated asset objects reloaded before import = 0Number of asset objects unloaded after import = 3

========================================================================
Received Import Request.
  Time since last request: 0.000104 seconds.
  path: Assets/Images/player_idle/idle_1.png
  artifactKey: Guid(ff393b88c88625241a6210820f411ba9) Importer(2089858483,192608db42251d675da83286b1cce702)
Start importing Assets/Images/player_idle/idle_1.png using Guid(ff393b88c88625241a6210820f411ba9) Importer(2089858483,192608db42251d675da83286b1cce702) (ScriptedImporter) -> (artifact id: 'f6d05c889bc0ef98945bc3838b462f4e') in 0.2549143 seconds
Number of updated asset objects reloaded before import = 0Number of asset objects unloaded after import = 3

========================================================================
Received Import Request.
  Time since last request: 0.000055 seconds.
  path: Assets/Images/player_run/run_0.png
  artifactKey: Guid(affc475af46296243aac08470037d54d) Importer(2089858483,192608db42251d675da83286b1cce702)
Start importing Assets/Images/player_run/run_0.png using Guid(affc475af46296243aac08470037d54d) Importer(2089858483,192608db42251d675da83286b1cce702) (ScriptedImporter) -> (artifact id: '9867bb1e004d8911de2252aade80a21d') in 0.2700205 seconds
Number of updated asset objects reloaded before import = 0Number of asset objects unloaded after import = 3

========================================================================
Received Import Request.
  Time since last request: 0.000092 seconds.
  path: Assets/Images/player_idle/idle_2.png
  artifactKey: Guid(0e95768de35b5aa468d575158595a64a) Importer(815301076,1909f56bfc062723c751e8b465ee728b)
Start importing Assets/Images/player_idle/idle_2.png using Guid(0e95768de35b5aa468d575158595a64a) Importer(815301076,1909f56bfc062723c751e8b465ee728b) (PreviewImporter) -> (artifact id: '75cf5edef7881d7b59dacf653582c75e') in 0.2673573 seconds
Number of updated asset objects reloaded before import = 0Number of asset objects unloaded after import = 3

========================================================================
Received Import Request.
  Time since last request: 0.000048 seconds.
  path: Assets/Images/player_run/run_3.png
  artifactKey: Guid(cae6931af779ff04e89069bb3aa76e57) Importer(2089858483,192608db42251d675da83286b1cce702)
Start importing Assets/Images/player_run/run_3.png using Guid(cae6931af779ff04e89069bb3aa76e57) Importer(2089858483,192608db42251d675da83286b1cce702) (ScriptedImporter) -> (artifact id: '734f443e5f7031476988470866743eda') in 0.1987545 seconds
Number of updated asset objects reloaded before import = 0Number of asset objects unloaded after import = 3

========================================================================
Received Import Request.
  Time since last request: 0.000117 seconds.
  path: Assets/Images/player_run/run_1.png
  artifactKey: Guid(2a2efc6585fd75446a1f20a0ccf8ac28) Importer(815301076,1909f56bfc062723c751e8b465ee728b)
Start importing Assets/Images/player_run/run_1.png using Guid(2a2efc6585fd75446a1f20a0ccf8ac28) Importer(815301076,1909f56bfc062723c751e8b465ee728b) (PreviewImporter) -> (artifact id: 'b633c78b5db540cc1e5b072f7df5f643') in 0.1172343 seconds
Number of updated asset objects reloaded before import = 0Number of asset objects unloaded after import = 3

========================================================================
Received Import Request.
  Time since last request: 0.000078 seconds.
  path: Assets/Images/floor/Nails.png
  artifactKey: Guid(85b23f6185d07474987fedfcd3c13284) Importer(815301076,1909f56bfc062723c751e8b465ee728b)
Start importing Assets/Images/floor/Nails.png using Guid(85b23f6185d07474987fedfcd3c13284) Importer(815301076,1909f56bfc062723c751e8b465ee728b) (PreviewImporter) -> (artifact id: '7aa40bebee38c3d406e7f4c219e9d9c3') in 0.0867757 seconds
Number of updated asset objects reloaded before import = 0Number of asset objects unloaded after import = 3

========================================================================
Received Import Request.
  Time since last request: 0.000067 seconds.
  path: Assets/Settings/UniversalRP.asset
  artifactKey: Guid(681886c5eb7344803b6206f758bf0b1c) Importer(2089858483,192608db42251d675da83286b1cce702)
Start importing Assets/Settings/UniversalRP.asset using Guid(681886c5eb7344803b6206f758bf0b1c) Importer(2089858483,192608db42251d675da83286b1cce702) (ScriptedImporter) -> (artifact id: '843a4fce9d24640509ed566bc2d8e1e3') in 0.2171042 seconds
Number of updated asset objects reloaded before import = 0Number of asset objects unloaded after import = 1

========================================================================
Received Import Request.
  Time since last request: 0.000053 seconds.
  path: Assets/Images/Background.png
  artifactKey: Guid(fad6fbca201a3d74eb19c882969f1780) Importer(2089858483,192608db42251d675da83286b1cce702)
Start importing Assets/Images/Background.png using Guid(fad6fbca201a3d74eb19c882969f1780) Importer(2089858483,192608db42251d675da83286b1cce702) (ScriptedImporter) -> (artifact id: '6440915e99a29eb4a50e68c84801d707') in 0.4323581 seconds
Number of updated asset objects reloaded before import = 0Number of asset objects unloaded after import = 3

========================================================================
Received Import Request.
  Time since last request: 0.000121 seconds.
  path: Assets/scripts/player.cs
  artifactKey: Guid(ea632089a0764eb499e5b9acae523656) Importer(2089858483,192608db42251d675da83286b1cce702)
Start importing Assets/scripts/player.cs using Guid(ea632089a0764eb499e5b9acae523656) Importer(2089858483,192608db42251d675da83286b1cce702) (ScriptedImporter) -> (artifact id: 'a550394f5ee867bb72533c201a97072b') in 0.1755946 seconds
Number of updated asset objects reloaded before import = 0Number of asset objects unloaded after import = 0

========================================================================
Received Import Request.
  Time since last request: 0.000065 seconds.
  path: Assets/Images/floor/ConveyorRight.png
  artifactKey: Guid(b63c800861e974441ae8cd6bbf19a87d) Importer(2089858483,192608db42251d675da83286b1cce702)
Start importing Assets/Images/floor/ConveyorRight.png using Guid(b63c800861e974441ae8cd6bbf19a87d) Importer(2089858483,192608db42251d675da83286b1cce702) (ScriptedImporter) -> (artifact id: '3c29fc7d04a52c3f41154b1fc0ec85a8') in 0.4422931 seconds
Number of updated asset objects reloaded before import = 0Number of asset objects unloaded after import = 3

========================================================================
Received Import Request.
  Time since last request: 0.000073 seconds.
  path: Assets/Images/floor/Trampoline.png
  artifactKey: Guid(40988cebaba591744bfe8e8903000d80) Importer(815301076,1909f56bfc062723c751e8b465ee728b)
Start importing Assets/Images/floor/Trampoline.png using Guid(40988cebaba591744bfe8e8903000d80) Importer(815301076,1909f56bfc062723c751e8b465ee728b) (PreviewImporter) -> (artifact id: '0da942ae949a83de3055cc824425c677') in 0.341121 seconds
Number of updated asset objects reloaded before import = 0Number of asset objects unloaded after import = 3

========================================================================
Received Import Request.
  Time since last request: 0.000120 seconds.
  path: Assets/Images/Wall.png
  artifactKey: Guid(dbb17cabfcc44c84fb1b8ba34533c6c0) Importer(2089858483,192608db42251d675da83286b1cce702)
Start importing Assets/Images/Wall.png using Guid(dbb17cabfcc44c84fb1b8ba34533c6c0) Importer(2089858483,192608db42251d675da83286b1cce702) (ScriptedImporter) -> (artifact id: '63ec82038c4781c1817f0654b6c8ece4') in 0.4833695 seconds
Number of updated asset objects reloaded before import = 0Number of asset objects unloaded after import = 3

========================================================================
Received Import Request.
  Time since last request: 0.000091 seconds.
  path: Assets/scripts/floor.cs
  artifactKey: Guid(c404308695389e046a0665ef932af0c7) Importer(2089858483,192608db42251d675da83286b1cce702)
Start importing Assets/scripts/floor.cs using Guid(c404308695389e046a0665ef932af0c7) Importer(2089858483,192608db42251d675da83286b1cce702) (ScriptedImporter) -> (artifact id: '4d57f9b7e06a67eb0f296b0b16832d4f') in 0.3220225 seconds
Number of updated asset objects reloaded before import = 0Number of asset objects unloaded after import = 0

========================================================================
Received Import Request.
  Time since last request: 0.000060 seconds.
  path: Assets/Images/player_idle/idle_1.png
  artifactKey: Guid(ff393b88c88625241a6210820f411ba9) Importer(815301076,1909f56bfc062723c751e8b465ee728b)
Start importing Assets/Images/player_idle/idle_1.png using Guid(ff393b88c88625241a6210820f411ba9) Importer(815301076,1909f56bfc062723c751e8b465ee728b) (PreviewImporter) -> (artifact id: 'bc7ddcbd5a50d028b4d9499d5a144ef3') in 0.6842602 seconds
Number of updated asset objects reloaded before import = 0Number of asset objects unloaded after import = 3

========================================================================
Received Import Request.
  Time since last request: 0.000106 seconds.
  path: Assets/Images/floor/ConveyorLeft.png
  artifactKey: Guid(2274808fe007979449e4f617c32f17a2) Importer(2089858483,192608db42251d675da83286b1cce702)
Start importing Assets/Images/floor/ConveyorLeft.png using Guid(2274808fe007979449e4f617c32f17a2) Importer(2089858483,192608db42251d675da83286b1cce702) (ScriptedImporter) -> (artifact id: '8984d58969a2208ea4594718fecec46f') in 0.661433 seconds
Number of updated asset objects reloaded before import = 0Number of asset objects unloaded after import = 3

========================================================================
Received Import Request.
  Time since last request: 0.000097 seconds.
  path: Assets/Images/floor/ConveyorRight.png
  artifactKey: Guid(b63c800861e974441ae8cd6bbf19a87d) Importer(815301076,1909f56bfc062723c751e8b465ee728b)
Start importing Assets/Images/floor/ConveyorRight.png using Guid(b63c800861e974441ae8cd6bbf19a87d) Importer(815301076,1909f56bfc062723c751e8b465ee728b) (PreviewImporter) -> (artifact id: '015e3fc23705878568e8d17c87646ae2') in 0.10809 seconds
Number of updated asset objects reloaded before import = 0Number of asset objects unloaded after import = 3

========================================================================
Received Import Request.
  Time since last request: 0.000137 seconds.
  path: Assets/Images/floor/Normal.png
  artifactKey: Guid(15a8562491cf4884692349bcd29aff04) Importer(815301076,1909f56bfc062723c751e8b465ee728b)
Start importing Assets/Images/floor/Normal.png using Guid(15a8562491cf4884692349bcd29aff04) Importer(815301076,1909f56bfc062723c751e8b465ee728b) (PreviewImporter) -> (artifact id: '29c4a040ab57e3a89ffc885dc0d79155') in 0.1139883 seconds
Number of updated asset objects reloaded before import = 0Number of asset objects unloaded after import = 3

========================================================================
Received Import Request.
  Time since last request: 0.000059 seconds.
  path: Assets/Images/player_idle/idle_0.png
  artifactKey: Guid(b527b954b6d25104687d2cd6aec1de64) Importer(815301076,1909f56bfc062723c751e8b465ee728b)
Start importing Assets/Images/player_idle/idle_0.png using Guid(b527b954b6d25104687d2cd6aec1de64) Importer(815301076,1909f56bfc062723c751e8b465ee728b) (PreviewImporter) -> (artifact id: 'c7ba51efc79f5bb3e891e2070259b29b') in 0.1442301 seconds
Number of updated asset objects reloaded before import = 0Number of asset objects unloaded after import = 3

========================================================================
Received Import Request.
  Time since last request: 0.000070 seconds.
  path: Assets/Images/floor/ConveyorLeft.png
  artifactKey: Guid(2274808fe007979449e4f617c32f17a2) Importer(815301076,1909f56bfc062723c751e8b465ee728b)
Start importing Assets/Images/floor/ConveyorLeft.png using Guid(2274808fe007979449e4f617c32f17a2) Importer(815301076,1909f56bfc062723c751e8b465ee728b) (PreviewImporter) -> (artifact id: '3c8b1d97679e32157ba2d9c4abb1475b') in 0.0573957 seconds
Number of updated asset objects reloaded before import = 0Number of asset objects unloaded after import = 3

========================================================================
Received Import Request.
  Time since last request: 0.000255 seconds.
  path: Assets/Images/floor/Normal.png
  artifactKey: Guid(15a8562491cf4884692349bcd29aff04) Importer(2089858483,192608db42251d675da83286b1cce702)
Start importing Assets/Images/floor/Normal.png using Guid(15a8562491cf4884692349bcd29aff04) Importer(2089858483,192608db42251d675da83286b1cce702) (ScriptedImporter) -> (artifact id: 'ab0f90c9614f6512e56f0b5e0a45c20a') in 0.1527969 seconds
Number of updated asset objects reloaded before import = 0Number of asset objects unloaded after import = 3

========================================================================
Received Import Request.
  Time since last request: 0.000075 seconds.
  path: Assets/Scenes/SampleScene.unity
  artifactKey: Guid(8c9cfa26abfee488c85f1582747f6a02) Importer(2089858483,192608db42251d675da83286b1cce702)
Start importing Assets/Scenes/SampleScene.unity using Guid(8c9cfa26abfee488c85f1582747f6a02) Importer(2089858483,192608db42251d675da83286b1cce702) (ScriptedImporter) -> (artifact id: 'daa6da8ec214615bc62fd8cda964aca3') in 0.0655743 seconds
Number of updated asset objects reloaded before import = 0Number of asset objects unloaded after import = 1

========================================================================
Received Import Request.
  Time since last request: 0.000053 seconds.
  path: Assets/Images/floor/Fake.png
  artifactKey: Guid(fb3a9d4eba26a184fa7c4f7b7bbd3b3b) Importer(815301076,1909f56bfc062723c751e8b465ee728b)
Start importing Assets/Images/floor/Fake.png using Guid(fb3a9d4eba26a184fa7c4f7b7bbd3b3b) Importer(815301076,1909f56bfc062723c751e8b465ee728b) (PreviewImporter) -> (artifact id: 'b6408ff00c43422cea2ead174269fb85') in 0.0684471 seconds
Number of updated asset objects reloaded before import = 0Number of asset objects unloaded after import = 3

========================================================================
Received Import Request.
  Time since last request: 0.000073 seconds.
  path: Assets/Images/Hotpot.png
  artifactKey: Guid(4942b257963b99746ac5a1f7626d7796) Importer(2089858483,192608db42251d675da83286b1cce702)
Start importing Assets/Images/Hotpot.png using Guid(4942b257963b99746ac5a1f7626d7796) Importer(2089858483,192608db42251d675da83286b1cce702) (ScriptedImporter) -> (artifact id: 'b971ad1488b4984ed7a2e19594995e55') in 0.0867804 seconds
Number of updated asset objects reloaded before import = 0Number of asset objects unloaded after import = 3

========================================================================
Received Import Request.
  Time since last request: 0.000049 seconds.
  path: Assets/Settings/Scenes/URP2DSceneTemplate.unity
  artifactKey: Guid(2cda990e2423bbf4892e6590ba056729) Importer(2089858483,192608db42251d675da83286b1cce702)
Start importing Assets/Settings/Scenes/URP2DSceneTemplate.unity using Guid(2cda990e2423bbf4892e6590ba056729) Importer(2089858483,192608db42251d675da83286b1cce702) (ScriptedImporter) -> (artifact id: 'f75f7b2e21adc8bbe8f198cbc91612eb') in 0.0897257 seconds
Number of updated asset objects reloaded before import = 0Number of asset objects unloaded after import = 1

========================================================================
Received Import Request.
  Time since last request: 0.000085 seconds.
  path: Assets/UniversalRenderPipelineGlobalSettings.asset
  artifactKey: Guid(93b439a37f63240aca3dd4e01d978a9f) Importer(2089858483,192608db42251d675da83286b1cce702)
Start importing Assets/UniversalRenderPipelineGlobalSettings.asset using Guid(93b439a37f63240aca3dd4e01d978a9f) Importer(2089858483,192608db42251d675da83286b1cce702) (ScriptedImporter) -> (artifact id: 'a4d199e6383eb985acccd042774ed6c8') in 0.6174992 seconds
Number of updated asset objects reloaded before import = 0Number of asset objects unloaded after import = 0

========================================================================
Received Import Request.
  Time since last request: 0.000052 seconds.
  path: Assets/scripts/floormanger.cs
  artifactKey: Guid(9e994879aab32a742ac88520c34259e8) Importer(2089858483,192608db42251d675da83286b1cce702)
Start importing Assets/scripts/floormanger.cs using Guid(9e994879aab32a742ac88520c34259e8) Importer(2089858483,192608db42251d675da83286b1cce702) (ScriptedImporter) -> (artifact id: 'dfb0dafcfc902e5c31eb2b1ae05863f9') in 0.2348183 seconds
Number of updated asset objects reloaded before import = 0Number of asset objects unloaded after import = 0

========================================================================
Received Import Request.
  Time since last request: 0.000071 seconds.
  path: Assets/Images/floor/Nails.png
  artifactKey: Guid(85b23f6185d07474987fedfcd3c13284) Importer(2089858483,192608db42251d675da83286b1cce702)
Start importing Assets/Images/floor/Nails.png using Guid(85b23f6185d07474987fedfcd3c13284) Importer(2089858483,192608db42251d675da83286b1cce702) (ScriptedImporter) -> (artifact id: '0e769a5f029fb9829a4c4c565642dbde') in 0.3280636 seconds
Number of updated asset objects reloaded before import = 0Number of asset objects unloaded after import = 3

========================================================================
Received Import Request.
  Time since last request: 0.000116 seconds.
  path: Assets/Settings/Lit2DSceneTemplate.scenetemplate
  artifactKey: Guid(d03ed43fc9d8a4f2e9fa70c1c7916eb9) Importer(2089858483,192608db42251d675da83286b1cce702)
Start importing Assets/Settings/Lit2DSceneTemplate.scenetemplate using Guid(d03ed43fc9d8a4f2e9fa70c1c7916eb9) Importer(2089858483,192608db42251d675da83286b1cce702) (ScriptedImporter) -> (artifact id: '96e9b9850982781b0e12340cb5558aca') in 0.9176254 seconds
Number of updated asset objects reloaded before import = 0Number of asset objects unloaded after import = 4

========================================================================
Received Import Request.
  Time since last request: 0.000190 seconds.
  path: Assets/Images/player_idle/idle_3.png
  artifactKey: Guid(dfbb35044f00c674386b5c6979586ce4) Importer(2089858483,192608db42251d675da83286b1cce702)
Start importing Assets/Images/player_idle/idle_3.png using Guid(dfbb35044f00c674386b5c6979586ce4) Importer(2089858483,192608db42251d675da83286b1cce702) (ScriptedImporter) -> (artifact id: 'dd83e8d8021c5657dd2dac074cc4d620') in 0.2237824 seconds
Number of updated asset objects reloaded before import = 0Number of asset objects unloaded after import = 3

========================================================================
Received Import Request.
  Time since last request: 0.000082 seconds.
  path: Assets/Images/player_run/run_2.png
  artifactKey: Guid(15a23c36909806e4c8342b25ef4ce841) Importer(2089858483,192608db42251d675da83286b1cce702)
Start importing Assets/Images/player_run/run_2.png using Guid(15a23c36909806e4c8342b25ef4ce841) Importer(2089858483,192608db42251d675da83286b1cce702) (ScriptedImporter) -> (artifact id: 'd7c3cbf3fd7321cd93be3030df743e39') in 0.1035773 seconds
Number of updated asset objects reloaded before import = 0Number of asset objects unloaded after import = 3

========================================================================
Received Import Request.
  Time since last request: 0.000069 seconds.
  path: Assets/Images/player_run/run_3.png
  artifactKey: Guid(cae6931af779ff04e89069bb3aa76e57) Importer(815301076,1909f56bfc062723c751e8b465ee728b)
Start importing Assets/Images/player_run/run_3.png using Guid(cae6931af779ff04e89069bb3aa76e57) Importer(815301076,1909f56bfc062723c751e8b465ee728b) (PreviewImporter) -> (artifact id: '96f6c7e04e21d5b1016dd9433ffce2d1') in 0.0554626 seconds
Number of updated asset objects reloaded before import = 0Number of asset objects unloaded after import = 3

========================================================================
Received Import Request.
  Time since last request: 0.000051 seconds.
  path: Assets/DefaultVolumeProfile.asset
  artifactKey: Guid(3f9215ea0144899419cfbc0957140d3f) Importer(2089858483,192608db42251d675da83286b1cce702)
Start importing Assets/DefaultVolumeProfile.asset using Guid(3f9215ea0144899419cfbc0957140d3f) Importer(2089858483,192608db42251d675da83286b1cce702) (ScriptedImporter) -> (artifact id: 'f14737f435153c0719f4bd60a01eaf5f') in 0.0443273 seconds
Number of updated asset objects reloaded before import = 0Number of asset objects unloaded after import = 0

========================================================================
Received Import Request.
  Time since last request: 0.000050 seconds.
  path: Assets/Images/player_run/run_2.png
  artifactKey: Guid(15a23c36909806e4c8342b25ef4ce841) Importer(815301076,1909f56bfc062723c751e8b465ee728b)
Start importing Assets/Images/player_run/run_2.png using Guid(15a23c36909806e4c8342b25ef4ce841) Importer(815301076,1909f56bfc062723c751e8b465ee728b) (PreviewImporter) -> (artifact id: 'e7411f86dff314bde89cedee25d4faa4') in 0.0546089 seconds
Number of updated asset objects reloaded before import = 0Number of asset objects unloaded after import = 3

========================================================================
Received Import Request.
  Time since last request: 0.000083 seconds.
  path: Assets/Images/Face.png
  artifactKey: Guid(8fcd6bbabad4c37409edfde3cc8baf97) Importer(2089858483,192608db42251d675da83286b1cce702)
Start importing Assets/Images/Face.png using Guid(8fcd6bbabad4c37409edfde3cc8baf97) Importer(2089858483,192608db42251d675da83286b1cce702) (ScriptedImporter) -> (artifact id: '2df0d6ea69830b074400094d2770d150') in 0.2113298 seconds
Number of updated asset objects reloaded before import = 0Number of asset objects unloaded after import = 3

========================================================================
Received Import Request.
  Time since last request: 0.000067 seconds.
  path: Assets/Images/player_idle/idle_3.png
  artifactKey: Guid(dfbb35044f00c674386b5c6979586ce4) Importer(815301076,1909f56bfc062723c751e8b465ee728b)
Start importing Assets/Images/player_idle/idle_3.png using Guid(dfbb35044f00c674386b5c6979586ce4) Importer(815301076,1909f56bfc062723c751e8b465ee728b) (PreviewImporter) -> (artifact id: '4b246bf82fcd8385d5ec97ba02cae56e') in 0.0578847 seconds
Number of updated asset objects reloaded before import = 0Number of asset objects unloaded after import = 3

========================================================================
Received Import Request.
  Time since last request: 0.000067 seconds.
  path: Assets/Images/player_idle/idle_2.png
  artifactKey: Guid(0e95768de35b5aa468d575158595a64a) Importer(2089858483,192608db42251d675da83286b1cce702)
Start importing Assets/Images/player_idle/idle_2.png using Guid(0e95768de35b5aa468d575158595a64a) Importer(2089858483,192608db42251d675da83286b1cce702) (ScriptedImporter) -> (artifact id: '9027fdc5a14c36a81ee279976bb11a9c') in 0.0586514 seconds
Number of updated asset objects reloaded before import = 0Number of asset objects unloaded after import = 3

========================================================================
Received Import Request.
  Time since last request: 0.000046 seconds.
  path: Assets/Images/player_run/run_0.png
  artifactKey: Guid(affc475af46296243aac08470037d54d) Importer(815301076,1909f56bfc062723c751e8b465ee728b)
Start importing Assets/Images/player_run/run_0.png using Guid(affc475af46296243aac08470037d54d) Importer(815301076,1909f56bfc062723c751e8b465ee728b) (PreviewImporter) -> (artifact id: '979d47dcae83bc06c51dfe1534909235') in 0.0528104 seconds
Number of updated asset objects reloaded before import = 0Number of asset objects unloaded after import = 3

========================================================================
Received Import Request.
  Time since last request: 0.000080 seconds.
  path: Assets/Images/player_idle/idle_0.png
  artifactKey: Guid(b527b954b6d25104687d2cd6aec1de64) Importer(2089858483,192608db42251d675da83286b1cce702)
Start importing Assets/Images/player_idle/idle_0.png using Guid(b527b954b6d25104687d2cd6aec1de64) Importer(2089858483,192608db42251d675da83286b1cce702) (ScriptedImporter) -> (artifact id: '5f6bf69e9f21468588d0d20339814cf0') in 0.0681149 seconds
Number of updated asset objects reloaded before import = 0Number of asset objects unloaded after import = 3

========================================================================
Received Import Request.
  Time since last request: 0.000075 seconds.
  path: Assets/Images/floor/Fake.png
  artifactKey: Guid(fb3a9d4eba26a184fa7c4f7b7bbd3b3b) Importer(2089858483,192608db42251d675da83286b1cce702)
Start importing Assets/Images/floor/Fake.png using Guid(fb3a9d4eba26a184fa7c4f7b7bbd3b3b) Importer(2089858483,192608db42251d675da83286b1cce702) (ScriptedImporter) -> (artifact id: '51bfef73b8656a0f0ee638bd8fac9592') in 0.1382544 seconds
Number of updated asset objects reloaded before import = 0Number of asset objects unloaded after import = 3

========================================================================
Received Import Request.
  Time since last request: 0.000061 seconds.
  path: Assets/InputSystem_Actions.inputactions
  artifactKey: Guid(2bcd2660ca9b64942af0de543d8d7100) Importer(2089858483,192608db42251d675da83286b1cce702)
Start importing Assets/InputSystem_Actions.inputactions using Guid(2bcd2660ca9b64942af0de543d8d7100) Importer(2089858483,192608db42251d675da83286b1cce702) (ScriptedImporter) -> (artifact id: '3000755f3b39c541925fdb2ac217c037') in 3.3482195 seconds
Number of updated asset objects reloaded before import = 0Number of asset objects unloaded after import = 21

========================================================================
Received Import Request.
  Time since last request: 98.681547 seconds.
  path: ProjectSettings/TagManager.asset
  artifactKey: Guid(00000000000000003000000000000000) Importer(815301076,1909f56bfc062723c751e8b465ee728b)
Start importing ProjectSettings/TagManager.asset using Guid(00000000000000003000000000000000) Importer(815301076,1909f56bfc062723c751e8b465ee728b) (PreviewImporter) -> (artifact id: '77f9dd6f28fd7527787506f1412fa193') in 0.0052355 seconds
Number of updated asset objects reloaded before import = 0Number of asset objects unloaded after import = 0

========================================================================
Received Import Request.
  Time since last request: 59.477716 seconds.
  path: Assets/Images
  artifactKey: Guid(305beb5fb7374984b8c5ddc33e4533b7) Importer(815301076,1909f56bfc062723c751e8b465ee728b)
Start importing Assets/Images using Guid(305beb5fb7374984b8c5ddc33e4533b7) Importer(815301076,1909f56bfc062723c751e8b465ee728b) (PreviewImporter) -> (artifact id: '3fa95467c21641616d0efa354a7c348c') in 0.0022583 seconds
Number of updated asset objects reloaded before import = 0Number of asset objects unloaded after import = 0

========================================================================
Received Import Request.
  Time since last request: 101.104245 seconds.
  path: Assets/Images/Wall.png
  artifactKey: Guid(dbb17cabfcc44c84fb1b8ba34533c6c0) Importer(815301076,1909f56bfc062723c751e8b465ee728b)
Start importing Assets/Images/Wall.png using Guid(dbb17cabfcc44c84fb1b8ba34533c6c0) Importer(815301076,1909f56bfc062723c751e8b465ee728b) (PreviewImporter) -> (artifact id: '02b8dc887bbf9302774bf33fd11097d3') in 0.2726883 seconds
Number of updated asset objects reloaded before import = 0Number of asset objects unloaded after import = 3

========================================================================
Received Import Request.
  Time since last request: 224.961446 seconds.
  path: Assets/Images/Ceiling.png
  artifactKey: Guid(c7447b52943cee749be07bd91582d3fa) Importer(815301076,1909f56bfc062723c751e8b465ee728b)
Start importing Assets/Images/Ceiling.png using Guid(c7447b52943cee749be07bd91582d3fa) Importer(815301076,1909f56bfc062723c751e8b465ee728b) (PreviewImporter) -> (artifact id: 'c198b95eec59b58138ae346e051ee275') in 0.1264353 seconds
Number of updated asset objects reloaded before import = 0Number of asset objects unloaded after import = 3

========================================================================
Received Import Request.
  Time since last request: 73.323020 seconds.
  path: Assets/Images/floor
  artifactKey: Guid(6184df75b07aa3a48b76799cf19dc3f8) Importer(815301076,1909f56bfc062723c751e8b465ee728b)
Start importing Assets/Images/floor using Guid(6184df75b07aa3a48b76799cf19dc3f8) Importer(815301076,1909f56bfc062723c751e8b465ee728b) (PreviewImporter) -> (artifact id: 'bc5a700c8824e2c3ca2e7e462e6df506') in 0.0025852 seconds
Number of updated asset objects reloaded before import = 0Number of asset objects unloaded after import = 0

========================================================================
Received Import Request.
  Time since last request: 13.127484 seconds.
  path: Assets/Images/floor/Normal.png
  artifactKey: Guid(15a8562491cf4884692349bcd29aff04) Importer(815301076,1909f56bfc062723c751e8b465ee728b)
Start importing Assets/Images/floor/Normal.png using Guid(15a8562491cf4884692349bcd29aff04) Importer(815301076,1909f56bfc062723c751e8b465ee728b) (PreviewImporter) -> (artifact id: 'dd1966672fe360103e9c6833c53da1e4') in 0.1725417 seconds
Number of updated asset objects reloaded before import = 0Number of asset objects unloaded after import = 3

========================================================================
Received Import Request.
  Time since last request: 8.638067 seconds.
  path: Assets/Images/floor/Nails.png
  artifactKey: Guid(85b23f6185d07474987fedfcd3c13284) Importer(815301076,1909f56bfc062723c751e8b465ee728b)
Start importing Assets/Images/floor/Nails.png using Guid(85b23f6185d07474987fedfcd3c13284) Importer(815301076,1909f56bfc062723c751e8b465ee728b) (PreviewImporter) -> (artifact id: 'f84c21dd8d8ceb6abe0ad53a63761753') in 0.3077371 seconds
Number of updated asset objects reloaded before import = 0Number of asset objects unloaded after import = 3

========================================================================
Received Import Request.
  Time since last request: 145.722968 seconds.
  path: Assets/normal.prefab
  artifactKey: Guid(ad9282b72e3435840a224f2c7758e9a1) Importer(815301076,1909f56bfc062723c751e8b465ee728b)
Start importing Assets/normal.prefab using Guid(ad9282b72e3435840a224f2c7758e9a1) Importer(815301076,1909f56bfc062723c751e8b465ee728b) (PreviewImporter) -> (artifact id: 'f748d5063d30f8ddf4056009780ca5db') in 6.6357745 seconds
Number of updated asset objects reloaded before import = 0Number of asset objects unloaded after import = 8

========================================================================
Received Import Request.
  Time since last request: 0.000114 seconds.
  path: Assets/nail.prefab
  artifactKey: Guid(c209f72af6d36a24cbf8e59f958901bb) Importer(815301076,1909f56bfc062723c751e8b465ee728b)
Start importing Assets/nail.prefab using Guid(c209f72af6d36a24cbf8e59f958901bb) Importer(815301076,1909f56bfc062723c751e8b465ee728b) (PreviewImporter) -> (artifact id: 'e14c59578d4aca34ce71325f3002f9b0') in 0.3230313 seconds
Number of updated asset objects reloaded before import = 0Number of asset objects unloaded after import = 8

========================================================================
Received Import Request.
  Time since last request: 0.000098 seconds.
  path: Assets/normal.prefab
  artifactKey: Guid(ad9282b72e3435840a224f2c7758e9a1) Importer(815301076,1909f56bfc062723c751e8b465ee728b)
Start importing Assets/normal.prefab using Guid(ad9282b72e3435840a224f2c7758e9a1) Importer(815301076,1909f56bfc062723c751e8b465ee728b) (PreviewImporter) -> (artifact id: 'f748d5063d30f8ddf4056009780ca5db') in 0.1637134 seconds
Number of updated asset objects reloaded before import = 0Number of asset objects unloaded after import = 8

========================================================================
Received Import Request.
  Time since last request: 2.418719 seconds.
  path: Assets/normal.prefab
  artifactKey: Guid(ad9282b72e3435840a224f2c7758e9a1) Importer(2089858483,192608db42251d675da83286b1cce702)
Start importing Assets/normal.prefab using Guid(ad9282b72e3435840a224f2c7758e9a1) Importer(2089858483,192608db42251d675da83286b1cce702) (ScriptedImporter) -> (artifact id: 'fb9f1f820696241a5d5fc55eca9c2939') in 1.6787146 seconds
Number of updated asset objects reloaded before import = 0Number of asset objects unloaded after import = 8

========================================================================
Received Import Request.
  Time since last request: 0.000106 seconds.
  path: Assets/nail.prefab
  artifactKey: Guid(c209f72af6d36a24cbf8e59f958901bb) Importer(2089858483,192608db42251d675da83286b1cce702)
Start importing Assets/nail.prefab using Guid(c209f72af6d36a24cbf8e59f958901bb) Importer(2089858483,192608db42251d675da83286b1cce702) (ScriptedImporter) -> (artifact id: '93102eaa6996351a6c7f0f07733e89db') in 0.2320059 seconds
Number of updated asset objects reloaded before import = 0Number of asset objects unloaded after import = 8

========================================================================
Received Import Request.
  Time since last request: 175.172549 seconds.
  path: Assets/prefabs/normal.prefab
  artifactKey: Guid(ad9282b72e3435840a224f2c7758e9a1) Importer(2089858483,192608db42251d675da83286b1cce702)
Start importing Assets/prefabs/normal.prefab using Guid(ad9282b72e3435840a224f2c7758e9a1) Importer(2089858483,192608db42251d675da83286b1cce702) (ScriptedImporter) -> (artifact id: 'cad8d84c06c5fa5fb481b832227c2483') in 0.1190167 seconds
Number of updated asset objects reloaded before import = 0Number of asset objects unloaded after import = 8

========================================================================
Received Import Request.
  Time since last request: 0.753164 seconds.
  path: Assets/prefabs/nail.prefab
  artifactKey: Guid(c209f72af6d36a24cbf8e59f958901bb) Importer(2089858483,192608db42251d675da83286b1cce702)
Start importing Assets/prefabs/nail.prefab using Guid(c209f72af6d36a24cbf8e59f958901bb) Importer(2089858483,192608db42251d675da83286b1cce702) (ScriptedImporter) -> (artifact id: 'a300b4e6ebafbb26e355198d0871e7fe') in 0.1460222 seconds
Number of updated asset objects reloaded before import = 0Number of asset objects unloaded after import = 8

========================================================================
Received Import Request.
  Time since last request: 11.892822 seconds.
  path: Assets/Scenes
  artifactKey: Guid(109e9bdd0fcc649c5bc59085c35bdc83) Importer(815301076,1909f56bfc062723c751e8b465ee728b)
Start importing Assets/Scenes using Guid(109e9bdd0fcc649c5bc59085c35bdc83) Importer(815301076,1909f56bfc062723c751e8b465ee728b) (PreviewImporter) -> (artifact id: 'afdff4c3a2fdaa6f8b2ca806ac4aa93d') in 0.0082842 seconds
Number of updated asset objects reloaded before import = 0Number of asset objects unloaded after import = 0

========================================================================
Received Import Request.
  Time since last request: 26.453150 seconds.
  path: Assets/scripts/floor.cs
  artifactKey: Guid(c404308695389e046a0665ef932af0c7) Importer(815301076,1909f56bfc062723c751e8b465ee728b)
Start importing Assets/scripts/floor.cs using Guid(c404308695389e046a0665ef932af0c7) Importer(815301076,1909f56bfc062723c751e8b465ee728b) (PreviewImporter) -> (artifact id: '129409522971ad8328190f0aa6aae03a') in 0.0020434 seconds
Number of updated asset objects reloaded before import = 0Number of asset objects unloaded after import = 0

========================================================================
Received Prepare
Begin MonoManager ReloadAssembly
- Loaded All Assemblies, in 10.493 seconds
Refreshing native plugins compatible for Editor in 10.50 ms, found 4 plugins.
Native extension for WindowsStandalone target not found
Mono: successfully reloaded assembly
- Finished resetting the current domain, in  6.374 seconds
Domain Reload Profiling: 16838ms
	BeginReloadAssembly (3000ms)
		ExecutionOrderSort (0ms)
		DisableScriptedObjects (298ms)
		BackupInstance (0ms)
		ReleaseScriptingObjects (1ms)
		CreateAndSetChildDomain (643ms)
	RebuildCommonClasses (861ms)
	RebuildNativeTypeToScriptingClass (216ms)
	initialDomainReloadingComplete (417ms)
	LoadAllAssembliesAndSetupDomain (5969ms)
		LoadAssemblies (5928ms)
		RebuildTransferFunctionScriptingTraits (0ms)
		AnalyzeDomain (1753ms)
			TypeCache.Refresh (70ms)
				TypeCache.ScanAssembly (3ms)
			BuildScriptInfoCaches (1523ms)
			ResolveRequiredComponents (148ms)
	FinalizeReload (6376ms)
		ReleaseScriptCaches (0ms)
		RebuildScriptCaches (0ms)
		SetupLoadedEditorAssemblies (5195ms)
			LogAssemblyErrors (0ms)
			InitializePlatformSupportModulesInManaged (18ms)
			SetLoadedEditorAssemblies (19ms)
			BeforeProcessingInitializeOnLoad (1804ms)
			ProcessInitializeOnLoadAttributes (2857ms)
			ProcessInitializeOnLoadMethodAttributes (459ms)
			AfterProcessingInitializeOnLoad (37ms)
			EditorAssembliesLoaded (1ms)
		ExecutionOrderSort2 (0ms)
		AwakeInstancesAfterBackupRestoration (109ms)
Refreshing native plugins compatible for Editor in 15.15 ms, found 4 plugins.
Preloading 0 native plugins for Editor in 0.00 ms.
Unloading 34 Unused Serialized files (Serialized files now loaded: 0)
Unloading 6700 unused Assets / (6.0 MB). Loaded Objects now: 7444.
Memory consumption went from 149.4 MB to 143.4 MB.
Total: 47.020300 ms (FindLiveObjects: 4.629000 ms CreateObjectMapping: 5.753400 ms MarkObjects: 20.520700 ms  DeleteObjects: 16.111600 ms)

Prepare: number of updated asset objects reloaded= 0
========================================================================
Received Import Request.
  Time since last request: 176.632828 seconds.
  path: Assets/scripts/floor.cs
  artifactKey: Guid(c404308695389e046a0665ef932af0c7) Importer(815301076,1909f56bfc062723c751e8b465ee728b)
Start importing Assets/scripts/floor.cs using Guid(c404308695389e046a0665ef932af0c7) Importer(815301076,1909f56bfc062723c751e8b465ee728b) (PreviewImporter) -> (artifact id: '4aa2d795117ab1ca6e3b577c752ef77c') in 0.0140968 seconds
Number of updated asset objects reloaded before import = 0Number of asset objects unloaded after import = 0

========================================================================
Received Prepare
Begin MonoManager ReloadAssembly
- Loaded All Assemblies, in 14.743 seconds
Refreshing native plugins compatible for Editor in 13.11 ms, found 4 plugins.
Native extension for WindowsStandalone target not found
Mono: successfully reloaded assembly
- Finished resetting the current domain, in 15.486 seconds
Domain Reload Profiling: 30185ms
	BeginReloadAssembly (4137ms)
		ExecutionOrderSort (0ms)
		DisableScriptedObjects (819ms)
		BackupInstance (0ms)
		ReleaseScriptingObjects (1ms)
		CreateAndSetChildDomain (753ms)
	RebuildCommonClasses (623ms)
	RebuildNativeTypeToScriptingClass (264ms)
	initialDomainReloadingComplete (276ms)
	LoadAllAssembliesAndSetupDomain (9389ms)
		LoadAssemblies (5026ms)
		RebuildTransferFunctionScriptingTraits (0ms)
		AnalyzeDomain (5755ms)
			TypeCache.Refresh (37ms)
				TypeCache.ScanAssembly (0ms)
			BuildScriptInfoCaches (5246ms)
			ResolveRequiredComponents (407ms)
	FinalizeReload (15497ms)
		ReleaseScriptCaches (0ms)
		RebuildScriptCaches (0ms)
		SetupLoadedEditorAssemblies (12609ms)
			LogAssemblyErrors (0ms)
			InitializePlatformSupportModulesInManaged (28ms)
			SetLoadedEditorAssemblies (69ms)
			BeforeProcessingInitializeOnLoad (2046ms)
			ProcessInitializeOnLoadAttributes (7998ms)
			ProcessInitializeOnLoadMethodAttributes (2298ms)
			AfterProcessingInitializeOnLoad (164ms)
			EditorAssembliesLoaded (7ms)
		ExecutionOrderSort2 (0ms)
		AwakeInstancesAfterBackupRestoration (418ms)
Refreshing native plugins compatible for Editor in 24.11 ms, found 4 plugins.
Preloading 0 native plugins for Editor in 0.00 ms.
Unloading 34 Unused Serialized files (Serialized files now loaded: 0)
Unloading 6697 unused Assets / (5.7 MB). Loaded Objects now: 7446.
Memory consumption went from 149.3 MB to 143.6 MB.
Total: 38.037800 ms (FindLiveObjects: 2.490700 ms CreateObjectMapping: 4.046400 ms MarkObjects: 15.785800 ms  DeleteObjects: 15.710500 ms)

Prepare: number of updated asset objects reloaded= 0
========================================================================
Received Prepare
Begin MonoManager ReloadAssembly
- Loaded All Assemblies, in 12.122 seconds
Refreshing native plugins compatible for Editor in 15.19 ms, found 4 plugins.
Native extension for WindowsStandalone target not found
Mono: successfully reloaded assembly
- Finished resetting the current domain, in  5.858 seconds
Domain Reload Profiling: 17959ms
	BeginReloadAssembly (2733ms)
		ExecutionOrderSort (0ms)
		DisableScriptedObjects (186ms)
		BackupInstance (0ms)
		ReleaseScriptingObjects (1ms)
		CreateAndSetChildDomain (421ms)
	RebuildCommonClasses (371ms)
	RebuildNativeTypeToScriptingClass (160ms)
	initialDomainReloadingComplete (253ms)
	LoadAllAssembliesAndSetupDomain (8582ms)
		LoadAssemblies (6842ms)
		RebuildTransferFunctionScriptingTraits (0ms)
		AnalyzeDomain (3286ms)
			TypeCache.Refresh (126ms)
				TypeCache.ScanAssembly (0ms)
			BuildScriptInfoCaches (2969ms)
			ResolveRequiredComponents (170ms)
	FinalizeReload (5860ms)
		ReleaseScriptCaches (0ms)
		RebuildScriptCaches (0ms)
		SetupLoadedEditorAssemblies (4475ms)
			LogAssemblyErrors (0ms)
			InitializePlatformSupportModulesInManaged (17ms)
			SetLoadedEditorAssemblies (28ms)
			BeforeProcessingInitializeOnLoad (967ms)
			ProcessInitializeOnLoadAttributes (2887ms)
			ProcessInitializeOnLoadMethodAttributes (536ms)
			AfterProcessingInitializeOnLoad (38ms)
			EditorAssembliesLoaded (2ms)
		ExecutionOrderSort2 (0ms)
		AwakeInstancesAfterBackupRestoration (91ms)
Refreshing native plugins compatible for Editor in 8.34 ms, found 4 plugins.
Preloading 0 native plugins for Editor in 0.00 ms.
Unloading 34 Unused Serialized files (Serialized files now loaded: 0)
Unloading 6697 unused Assets / (5.8 MB). Loaded Objects now: 7448.
Memory consumption went from 149.3 MB to 143.5 MB.
Total: 32.524400 ms (FindLiveObjects: 2.331400 ms CreateObjectMapping: 3.528200 ms MarkObjects: 14.468100 ms  DeleteObjects: 12.192700 ms)

Prepare: number of updated asset objects reloaded= 0
========================================================================
Received Import Request.
  Time since last request: 130.623044 seconds.
  path: Assets/prefabs/normal.prefab
  artifactKey: Guid(ad9282b72e3435840a224f2c7758e9a1) Importer(815301076,1909f56bfc062723c751e8b465ee728b)
Start importing Assets/prefabs/normal.prefab using Guid(ad9282b72e3435840a224f2c7758e9a1) Importer(815301076,1909f56bfc062723c751e8b465ee728b) (PreviewImporter) -> (artifact id: '9a182ebb3b19e2888f0211ec14899732') in 6.7380253 seconds
Number of updated asset objects reloaded before import = 0Number of asset objects unloaded after import = 9

========================================================================
Received Prepare
Begin MonoManager ReloadAssembly
- Loaded All Assemblies, in  8.288 seconds
Refreshing native plugins compatible for Editor in 23.31 ms, found 4 plugins.
Native extension for WindowsStandalone target not found
Mono: successfully reloaded assembly
- Finished resetting the current domain, in 14.255 seconds
Domain Reload Profiling: 22530ms
	BeginReloadAssembly (1978ms)
		ExecutionOrderSort (0ms)
		DisableScriptedObjects (383ms)
		BackupInstance (0ms)
		ReleaseScriptingObjects (1ms)
		CreateAndSetChildDomain (452ms)
	RebuildCommonClasses (296ms)
	RebuildNativeTypeToScriptingClass (223ms)
	initialDomainReloadingComplete (412ms)
	LoadAllAssembliesAndSetupDomain (5363ms)
		LoadAssemblies (2977ms)
		RebuildTransferFunctionScriptingTraits (0ms)
		AnalyzeDomain (3052ms)
			TypeCache.Refresh (33ms)
				TypeCache.ScanAssembly (0ms)
			BuildScriptInfoCaches (2920ms)
			ResolveRequiredComponents (75ms)
	FinalizeReload (14257ms)
		ReleaseScriptCaches (0ms)
		RebuildScriptCaches (0ms)
		SetupLoadedEditorAssemblies (9743ms)
			LogAssemblyErrors (0ms)
			InitializePlatformSupportModulesInManaged (79ms)
			SetLoadedEditorAssemblies (138ms)
			BeforeProcessingInitializeOnLoad (4698ms)
			ProcessInitializeOnLoadAttributes (4289ms)
			ProcessInitializeOnLoadMethodAttributes (495ms)
			AfterProcessingInitializeOnLoad (43ms)
			EditorAssembliesLoaded (1ms)
		ExecutionOrderSort2 (0ms)
		AwakeInstancesAfterBackupRestoration (110ms)
Refreshing native plugins compatible for Editor in 9.40 ms, found 4 plugins.
Preloading 0 native plugins for Editor in 0.00 ms.
Unloading 34 Unused Serialized files (Serialized files now loaded: 0)
Unloading 6697 unused Assets / (5.8 MB). Loaded Objects now: 7472.
Memory consumption went from 151.1 MB to 145.3 MB.
Total: 34.690200 ms (FindLiveObjects: 2.397700 ms CreateObjectMapping: 3.556500 ms MarkObjects: 16.192000 ms  DeleteObjects: 12.540000 ms)

Prepare: number of updated asset objects reloaded= 0
========================================================================
Received Prepare
Begin MonoManager ReloadAssembly
- Loaded All Assemblies, in  5.909 seconds
Refreshing native plugins compatible for Editor in 18.70 ms, found 4 plugins.
Native extension for WindowsStandalone target not found
Mono: successfully reloaded assembly
- Finished resetting the current domain, in  9.084 seconds
Domain Reload Profiling: 14987ms
	BeginReloadAssembly (1784ms)
		ExecutionOrderSort (0ms)
		DisableScriptedObjects (123ms)
		BackupInstance (0ms)
		ReleaseScriptingObjects (1ms)
		CreateAndSetChildDomain (341ms)
	RebuildCommonClasses (242ms)
	RebuildNativeTypeToScriptingClass (71ms)
	initialDomainReloadingComplete (195ms)
	LoadAllAssembliesAndSetupDomain (3608ms)
		LoadAssemblies (3600ms)
		RebuildTransferFunctionScriptingTraits (0ms)
		AnalyzeDomain (1027ms)
			TypeCache.Refresh (45ms)
				TypeCache.ScanAssembly (0ms)
			BuildScriptInfoCaches (913ms)
			ResolveRequiredComponents (54ms)
	FinalizeReload (9086ms)
		ReleaseScriptCaches (0ms)
		RebuildScriptCaches (0ms)
		SetupLoadedEditorAssemblies (7377ms)
			LogAssemblyErrors (0ms)
			InitializePlatformSupportModulesInManaged (24ms)
			SetLoadedEditorAssemblies (119ms)
			BeforeProcessingInitializeOnLoad (1439ms)
			ProcessInitializeOnLoadAttributes (4482ms)
			ProcessInitializeOnLoadMethodAttributes (1261ms)
			AfterProcessingInitializeOnLoad (51ms)
			EditorAssembliesLoaded (1ms)
		ExecutionOrderSort2 (0ms)
		AwakeInstancesAfterBackupRestoration (151ms)
Refreshing native plugins compatible for Editor in 13.12 ms, found 4 plugins.
Preloading 0 native plugins for Editor in 0.00 ms.
Unloading 34 Unused Serialized files (Serialized files now loaded: 0)
Unloading 6697 unused Assets / (8.7 MB). Loaded Objects now: 7474.
Memory consumption went from 151.0 MB to 142.3 MB.
Total: 139.931600 ms (FindLiveObjects: 4.490500 ms CreateObjectMapping: 4.753600 ms MarkObjects: 64.861200 ms  DeleteObjects: 65.821900 ms)

Prepare: number of updated asset objects reloaded= 0
========================================================================
Received Prepare
Begin MonoManager ReloadAssembly
- Loaded All Assemblies, in 14.995 seconds
Refreshing native plugins compatible for Editor in 17.57 ms, found 4 plugins.
Native extension for WindowsStandalone target not found
Mono: successfully reloaded assembly
- Finished resetting the current domain, in  9.353 seconds
Domain Reload Profiling: 24315ms
	BeginReloadAssembly (2578ms)
		ExecutionOrderSort (0ms)
		DisableScriptedObjects (137ms)
		BackupInstance (0ms)
		ReleaseScriptingObjects (1ms)
		CreateAndSetChildDomain (333ms)
	RebuildCommonClasses (497ms)
	RebuildNativeTypeToScriptingClass (115ms)
	initialDomainReloadingComplete (441ms)
	LoadAllAssembliesAndSetupDomain (11319ms)
		LoadAssemblies (7081ms)
		RebuildTransferFunctionScriptingTraits (0ms)
		AnalyzeDomain (5503ms)
			TypeCache.Refresh (91ms)
				TypeCache.ScanAssembly (0ms)
			BuildScriptInfoCaches (5048ms)
			ResolveRequiredComponents (331ms)
	FinalizeReload (9365ms)
		ReleaseScriptCaches (0ms)
		RebuildScriptCaches (0ms)
		SetupLoadedEditorAssemblies (7199ms)
			LogAssemblyErrors (0ms)
			InitializePlatformSupportModulesInManaged (110ms)
			SetLoadedEditorAssemblies (163ms)
			BeforeProcessingInitializeOnLoad (1503ms)
			ProcessInitializeOnLoadAttributes (4651ms)
			ProcessInitializeOnLoadMethodAttributes (717ms)
			AfterProcessingInitializeOnLoad (51ms)
			EditorAssembliesLoaded (4ms)
		ExecutionOrderSort2 (0ms)
		AwakeInstancesAfterBackupRestoration (271ms)
Refreshing native plugins compatible for Editor in 23.45 ms, found 4 plugins.
Preloading 0 native plugins for Editor in 0.00 ms.
Unloading 34 Unused Serialized files (Serialized files now loaded: 0)
Unloading 6697 unused Assets / (8.8 MB). Loaded Objects now: 7476.
Memory consumption went from 151.0 MB to 142.2 MB.
Total: 122.805000 ms (FindLiveObjects: 6.132700 ms CreateObjectMapping: 9.251200 ms MarkObjects: 52.714600 ms  DeleteObjects: 54.701900 ms)

Prepare: number of updated asset objects reloaded= 0
========================================================================
Received Prepare
Begin MonoManager ReloadAssembly
- Loaded All Assemblies, in 12.051 seconds
Refreshing native plugins compatible for Editor in 33.37 ms, found 4 plugins.
Native extension for WindowsStandalone target not found
Mono: successfully reloaded assembly
- Finished resetting the current domain, in 18.331 seconds
Domain Reload Profiling: 30394ms
	BeginReloadAssembly (1836ms)
		ExecutionOrderSort (0ms)
		DisableScriptedObjects (122ms)
		BackupInstance (0ms)
		ReleaseScriptingObjects (4ms)
		CreateAndSetChildDomain (244ms)
	RebuildCommonClasses (306ms)
	RebuildNativeTypeToScriptingClass (91ms)
	initialDomainReloadingComplete (643ms)
	LoadAllAssembliesAndSetupDomain (9184ms)
		LoadAssemblies (3373ms)
		RebuildTransferFunctionScriptingTraits (0ms)
		AnalyzeDomain (6534ms)
			TypeCache.Refresh (172ms)
				TypeCache.ScanAssembly (0ms)
			BuildScriptInfoCaches (6068ms)
			ResolveRequiredComponents (259ms)
	FinalizeReload (18333ms)
		ReleaseScriptCaches (0ms)
		RebuildScriptCaches (0ms)
		SetupLoadedEditorAssemblies (14453ms)
			LogAssemblyErrors (0ms)
			InitializePlatformSupportModulesInManaged (39ms)
			SetLoadedEditorAssemblies (108ms)
			BeforeProcessingInitializeOnLoad (5078ms)
			ProcessInitializeOnLoadAttributes (8455ms)
			ProcessInitializeOnLoadMethodAttributes (738ms)
			AfterProcessingInitializeOnLoad (33ms)
			EditorAssembliesLoaded (1ms)
		ExecutionOrderSort2 (0ms)
		AwakeInstancesAfterBackupRestoration (530ms)
Refreshing native plugins compatible for Editor in 10.61 ms, found 4 plugins.
Preloading 0 native plugins for Editor in 0.00 ms.
Unloading 34 Unused Serialized files (Serialized files now loaded: 0)
Unloading 6697 unused Assets / (6.4 MB). Loaded Objects now: 7478.
Memory consumption went from 151.0 MB to 144.6 MB.
Total: 37.996800 ms (FindLiveObjects: 2.797500 ms CreateObjectMapping: 3.994800 ms MarkObjects: 16.999000 ms  DeleteObjects: 14.199700 ms)

Prepare: number of updated asset objects reloaded= 0
========================================================================
Received Prepare
Begin MonoManager ReloadAssembly
- Loaded All Assemblies, in  9.791 seconds
Refreshing native plugins compatible for Editor in 46.94 ms, found 4 plugins.
Native extension for WindowsStandalone target not found
Mono: successfully reloaded assembly
- Finished resetting the current domain, in 12.992 seconds
Domain Reload Profiling: 22796ms
	BeginReloadAssembly (1856ms)
		ExecutionOrderSort (0ms)
		DisableScriptedObjects (112ms)
		BackupInstance (0ms)
		ReleaseScriptingObjects (1ms)
		CreateAndSetChildDomain (694ms)
	RebuildCommonClasses (203ms)
	RebuildNativeTypeToScriptingClass (87ms)
	initialDomainReloadingComplete (261ms)
	LoadAllAssembliesAndSetupDomain (7394ms)
		LoadAssemblies (4192ms)
		RebuildTransferFunctionScriptingTraits (0ms)
		AnalyzeDomain (3933ms)
			TypeCache.Refresh (65ms)
				TypeCache.ScanAssembly (0ms)
			BuildScriptInfoCaches (3670ms)
			ResolveRequiredComponents (170ms)
	FinalizeReload (12994ms)
		ReleaseScriptCaches (0ms)
		RebuildScriptCaches (0ms)
		SetupLoadedEditorAssemblies (9953ms)
			LogAssemblyErrors (0ms)
			InitializePlatformSupportModulesInManaged (38ms)
			SetLoadedEditorAssemblies (64ms)
			BeforeProcessingInitializeOnLoad (4778ms)
			ProcessInitializeOnLoadAttributes (4627ms)
			ProcessInitializeOnLoadMethodAttributes (412ms)
			AfterProcessingInitializeOnLoad (32ms)
			EditorAssembliesLoaded (2ms)
		ExecutionOrderSort2 (0ms)
		AwakeInstancesAfterBackupRestoration (83ms)
Refreshing native plugins compatible for Editor in 9.79 ms, found 4 plugins.
Preloading 0 native plugins for Editor in 0.00 ms.
Unloading 34 Unused Serialized files (Serialized files now loaded: 0)
Unloading 6697 unused Assets / (7.2 MB). Loaded Objects now: 7480.
Memory consumption went from 151.0 MB to 143.8 MB.
Total: 50.497200 ms (FindLiveObjects: 2.774400 ms CreateObjectMapping: 4.650000 ms MarkObjects: 23.828100 ms  DeleteObjects: 19.241100 ms)

Prepare: number of updated asset objects reloaded= 0
========================================================================
Received Prepare
Begin MonoManager ReloadAssembly
- Loaded All Assemblies, in 27.562 seconds
Refreshing native plugins compatible for Editor in 81.47 ms, found 4 plugins.
Native extension for WindowsStandalone target not found
Mono: successfully reloaded assembly
- Finished resetting the current domain, in 10.673 seconds
Domain Reload Profiling: 38221ms
	BeginReloadAssembly (6521ms)
		ExecutionOrderSort (0ms)
		DisableScriptedObjects (286ms)
		BackupInstance (0ms)
		ReleaseScriptingObjects (1ms)
		CreateAndSetChildDomain (1778ms)
	RebuildCommonClasses (436ms)
	RebuildNativeTypeToScriptingClass (125ms)
	initialDomainReloadingComplete (778ms)
	LoadAllAssembliesAndSetupDomain (19678ms)
		LoadAssemblies (18030ms)
		RebuildTransferFunctionScriptingTraits (0ms)
		AnalyzeDomain (3891ms)
			TypeCache.Refresh (218ms)
				TypeCache.ScanAssembly (1ms)
			BuildScriptInfoCaches (3545ms)
			ResolveRequiredComponents (103ms)
	FinalizeReload (10683ms)
		ReleaseScriptCaches (0ms)
		RebuildScriptCaches (0ms)
		SetupLoadedEditorAssemblies (8853ms)
			LogAssemblyErrors (0ms)
			InitializePlatformSupportModulesInManaged (12ms)
			SetLoadedEditorAssemblies (24ms)
			BeforeProcessingInitializeOnLoad (1778ms)
			ProcessInitializeOnLoadAttributes (5328ms)
			ProcessInitializeOnLoadMethodAttributes (1586ms)
			AfterProcessingInitializeOnLoad (122ms)
			EditorAssembliesLoaded (3ms)
		ExecutionOrderSort2 (3ms)
		AwakeInstancesAfterBackupRestoration (255ms)
Refreshing native plugins compatible for Editor in 32.33 ms, found 4 plugins.
Preloading 0 native plugins for Editor in 0.00 ms.
Unloading 34 Unused Serialized files (Serialized files now loaded: 0)
Unloading 6697 unused Assets / (7.0 MB). Loaded Objects now: 7482.
Memory consumption went from 151.1 MB to 144.2 MB.
Total: 130.798800 ms (FindLiveObjects: 11.344800 ms CreateObjectMapping: 16.964300 ms MarkObjects: 44.245900 ms  DeleteObjects: 58.239200 ms)

Prepare: number of updated asset objects reloaded= 0
========================================================================
Received Prepare
Begin MonoManager ReloadAssembly
- Loaded All Assemblies, in 12.635 seconds
Refreshing native plugins compatible for Editor in 8.24 ms, found 4 plugins.
Native extension for WindowsStandalone target not found
Mono: successfully reloaded assembly
- Finished resetting the current domain, in  4.971 seconds
Domain Reload Profiling: 17572ms
	BeginReloadAssembly (4599ms)
		ExecutionOrderSort (0ms)
		DisableScriptedObjects (312ms)
		BackupInstance (0ms)
		ReleaseScriptingObjects (5ms)
		CreateAndSetChildDomain (1062ms)
	RebuildCommonClasses (487ms)
	RebuildNativeTypeToScriptingClass (915ms)
	initialDomainReloadingComplete (883ms)
	LoadAllAssembliesAndSetupDomain (5715ms)
		LoadAssemblies (6457ms)
		RebuildTransferFunctionScriptingTraits (0ms)
		AnalyzeDomain (1711ms)
			TypeCache.Refresh (28ms)
				TypeCache.ScanAssembly (0ms)
			BuildScriptInfoCaches (1629ms)
			ResolveRequiredComponents (45ms)
	FinalizeReload (4973ms)
		ReleaseScriptCaches (0ms)
		RebuildScriptCaches (0ms)
		SetupLoadedEditorAssemblies (3928ms)
			LogAssemblyErrors (0ms)
			InitializePlatformSupportModulesInManaged (17ms)
			SetLoadedEditorAssemblies (25ms)
			BeforeProcessingInitializeOnLoad (1542ms)
			ProcessInitializeOnLoadAttributes (1946ms)
			ProcessInitializeOnLoadMethodAttributes (358ms)
			AfterProcessingInitializeOnLoad (39ms)
			EditorAssembliesLoaded (1ms)
		ExecutionOrderSort2 (0ms)
		AwakeInstancesAfterBackupRestoration (101ms)
Refreshing native plugins compatible for Editor in 10.87 ms, found 4 plugins.
Preloading 0 native plugins for Editor in 0.00 ms.
Unloading 34 Unused Serialized files (Serialized files now loaded: 0)
Unloading 6697 unused Assets / (6.7 MB). Loaded Objects now: 7484.
Memory consumption went from 151.2 MB to 144.4 MB.
Total: 40.945900 ms (FindLiveObjects: 2.470500 ms CreateObjectMapping: 3.890900 ms MarkObjects: 17.122200 ms  DeleteObjects: 17.457900 ms)

Prepare: number of updated asset objects reloaded= 0
